  main.cpp
E:\Tremor\main.cpp(408,11): warning C4101: 'caption': unreferenced local variable
E:\Tremor\main.cpp(409,11): warning C4101: 'previous_display': unreferenced local variable
E:\Tremor\main.cpp(406,11): warning C4101: 'temp': unreferenced local variable
E:\Tremor\main.cpp(407,11): warning C4101: 'flags': unreferenced local variable
E:\Tremor\main.cpp(531,9): warning C4101: 'value': unreferenced local variable
E:\Tremor\main.cpp(532,9): warning C4101: 'set_rom': unreferenced local variable
E:\Tremor\main.cpp(533,19): warning C4101: 'prev': unreferenced local variable
E:\Tremor\main.cpp(533,10): warning C4101: 'cursor': unreferenced local variable
E:\Tremor\main.cpp(603,40): warning C4312: 'type cast': conversion from 'int' to 'void *' of greater size
E:\Tremor\main.cpp(603,18): warning C4311: 'type cast': pointer truncation from 'void *' to 'int'
E:\Tremor\main.cpp(603,18): warning C4302: 'type cast': truncation from 'void *' to 'int'
E:\Tremor\main.cpp(727,39): warning C4244: 'initializing': conversion from 'intptr_t' to 'int', possible loss of data
E:\Tremor\main.cpp(727,27): warning C4244: 'initializing': conversion from 'intptr_t' to 'const int', possible loss of data
E:\Tremor\main.cpp(800,44): warning C4244: 'argument': conversion from 'uint64_t' to 'int', possible loss of data
E:\Tremor\main.cpp(826,37): warning C4312: 'type cast': conversion from 'uint32_t' to 'void *' of greater size
E:\Tremor\main.cpp(826,72): warning C4312: 'type cast': conversion from 'uint32_t' to 'void *' of greater size
E:\Tremor\main.cpp(826,22): warning C4311: 'type cast': pointer truncation from 'void *' to 'uint32_t'
E:\Tremor\main.cpp(826,22): warning C4302: 'type cast': truncation from 'void *' to 'uint32_t'
E:\Tremor\main.cpp(840,85): warning C4312: 'type cast': conversion from 'int' to 'void *' of greater size
E:\Tremor\main.cpp(840,113): warning C4312: 'type cast': conversion from 'int' to 'void *' of greater size
E:\Tremor\main.cpp(840,75): warning C4311: 'type cast': pointer truncation from 'void *' to 'int'
E:\Tremor\main.cpp(840,75): warning C4302: 'type cast': truncation from 'void *' to 'int'
E:\Tremor\main.cpp(907,12): warning C4267: 'initializing': conversion from 'size_t' to 'int', possible loss of data
E:\Tremor\main.cpp(993,41): warning C4267: 'argument': conversion from 'size_t' to 'DWORD', possible loss of data
E:\Tremor\main.cpp(1004,41): warning C4267: 'argument': conversion from 'size_t' to 'DWORD', possible loss of data
E:\Tremor\main.cpp(1005,36): warning C4267: 'argument': conversion from 'size_t' to 'DWORD', possible loss of data
E:\Tremor\main.cpp(1027,36): warning C4267: 'argument': conversion from 'size_t' to 'DWORD', possible loss of data
E:\Tremor\main.cpp(422): warning C4715: 'Engine::VID::SetMode': not all control paths return a value
  Tremor.vcxproj -> E:\Tremor\x64\Debug\Tremor.exe
