  main.cpp
E:\Tremor\main.cpp(405,11): warning C4101: 'caption': unreferenced local variable
E:\Tremor\main.cpp(406,11): warning C4101: 'previous_display': unreferenced local variable
E:\Tremor\main.cpp(403,11): warning C4101: 'temp': unreferenced local variable
E:\Tremor\main.cpp(404,11): warning C4101: 'flags': unreferenced local variable
E:\Tremor\main.cpp(528,9): warning C4101: 'value': unreferenced local variable
E:\Tremor\main.cpp(529,9): warning C4101: 'set_rom': unreferenced local variable
E:\Tremor\main.cpp(530,19): warning C4101: 'prev': unreferenced local variable
E:\Tremor\main.cpp(530,10): warning C4101: 'cursor': unreferenced local variable
E:\Tremor\main.cpp(605,40): warning C4312: 'type cast': conversion from 'int' to 'void *' of greater size
E:\Tremor\main.cpp(605,18): warning C4311: 'type cast': pointer truncation from 'void *' to 'int'
E:\Tremor\main.cpp(605,18): warning C4302: 'type cast': truncation from 'void *' to 'int'
E:\Tremor\main.cpp(729,39): warning C4244: 'initializing': conversion from 'intptr_t' to 'int', possible loss of data
E:\Tremor\main.cpp(729,27): warning C4244: 'initializing': conversion from 'intptr_t' to 'const int', possible loss of data
E:\Tremor\main.cpp(802,44): warning C4244: 'argument': conversion from 'uint64_t' to 'int', possible loss of data
E:\Tremor\main.cpp(828,37): warning C4312: 'type cast': conversion from 'uint32_t' to 'void *' of greater size
E:\Tremor\main.cpp(828,72): warning C4312: 'type cast': conversion from 'uint32_t' to 'void *' of greater size
E:\Tremor\main.cpp(828,22): warning C4311: 'type cast': pointer truncation from 'void *' to 'uint32_t'
E:\Tremor\main.cpp(828,22): warning C4302: 'type cast': truncation from 'void *' to 'uint32_t'
E:\Tremor\main.cpp(842,85): warning C4312: 'type cast': conversion from 'int' to 'void *' of greater size
E:\Tremor\main.cpp(842,113): warning C4312: 'type cast': conversion from 'int' to 'void *' of greater size
E:\Tremor\main.cpp(842,75): warning C4311: 'type cast': pointer truncation from 'void *' to 'int'
E:\Tremor\main.cpp(842,75): warning C4302: 'type cast': truncation from 'void *' to 'int'
E:\Tremor\main.cpp(909,12): warning C4267: 'initializing': conversion from 'size_t' to 'int', possible loss of data
E:\Tremor\main.cpp(995,41): warning C4267: 'argument': conversion from 'size_t' to 'DWORD', possible loss of data
E:\Tremor\main.cpp(1006,41): warning C4267: 'argument': conversion from 'size_t' to 'DWORD', possible loss of data
E:\Tremor\main.cpp(1007,36): warning C4267: 'argument': conversion from 'size_t' to 'DWORD', possible loss of data
E:\Tremor\main.cpp(1029,36): warning C4267: 'argument': conversion from 'size_t' to 'DWORD', possible loss of data
  Generating code
  27 of 73 functions (37.0%) were compiled, the rest were copied from previous compilation.
    23 functions were new in current compilation
    4 functions had inline decision re-evaluated but remain unchanged
  Finished generating code
SDL2main.lib(SDL_windows_main.obj) : warning LNK4099: PDB '' was not found with 'SDL2main.lib(SDL_windows_main.obj)' or at ''; linking object as if no debug info
  Tremor.vcxproj -> E:\Tremor\x64\Release\Tremor.exe
